1 C -1.85009 -0.358358-2.95743
2 C -2.37673 -1.4373-2.15801
3 C -3.23219 -0.851073-1.14485
4 C -3.22191 0.584551-1.32455
5 C -2.35997 0.891653-2.44989
6 C -1.5517 2.00846-2.41941
7 C -1.55317 2.87229-1.27874
8 C -2.36089 2.59924-0.197434
9 C -3.22343 1.43173-0.206647
10 C -3.2335 0.8698181.12659
11 C -3.24232 -0.52211.30108
12 C -3.24224 -1.39590.147739
13 C -2.39538 -2.536520.446559
14 C -1.59325 -3.07862-0.532969
15 C -1.58294 -2.52238-1.85168
16 C -0.242646 -2.58791-2.3425
17 C 0.569186 -3.18199-1.33604
18 C -0.259434 -3.48201-0.220604
19 C 0.226861 -3.318831.06658
20 C -0.606387 -2.743742.0786
21 C -1.88628 -2.357371.78445
22 C -2.39666 -1.11782.31843
23 C -1.59524 -0.3215563.10583
24 C -1.58592 1.100112.92802
25 C -2.37903 1.687481.96621
26 C -1.85288 2.749451.14431
27 C -0.566548 3.178981.33462
28 C 0.272472 3.476160.214283
29 C -0.213434 3.32299-1.07363
30 C 0.609061 2.7462-2.08055
31 C 1.89452 2.34378-1.77429
32 C 2.3998 2.50502-0.451701
33 C 1.59828 3.064070.528537
34 C 1.588 2.508991.84448
35 C 0.255617 2.579312.34296
36 C -0.245939 1.555073.12463
37 C 0.566983 0.4264793.42506
38 C -0.261662 -0.7309683.41124
39 C 0.225356 -1.924172.90727
40 C 1.55681 -1.997522.40885
41 C 1.55849 -2.859411.27076
42 C 2.365 -2.570560.185139
43 C 1.861 -2.7341-1.1378
44 C 2.383 -1.6765-1.93633
45 C 3.20544 -0.859203-1.11065
46 C 3.1957 -1.412360.203678
47 C 3.19434 -0.5766871.30653
48 C 2.36443 -0.8714312.42512
49 C 1.85845 0.3564232.94085
50 C 2.38046 1.411962.1395
51 C 3.20448 0.8390581.12926
52 C 3.21423 1.37701-0.146479
53 C 3.21435 0.515849-1.28282
54 C 2.40029 1.11419-2.28724
55 C 1.60036 0.322088-3.09039
56 C 1.59082 -1.09654-2.91303
57 C 0.259214 -1.55699-3.11653
58 C -0.564101 -0.42606-3.42166
59 C 0.274921 0.735269-3.40393
60 C -0.212061 1.93226-2.9094
SCF: -2283.71