C -1.8772900414 -3.34460473439999983 0.997470812099999993
C -2.39673004670000012 -1.94167886420000002 0.726000100699999984
C -3.82658112699999986 -1.96961538900000011 0.186339783300000006
C -4.34725544700000022 -0.557225639600000044 -0.0847559120000000027
C -5.77685235630000005 -0.58647684769999997 -0.625115165500000014
C -6.29882018220000006 0.815418164100000009 -0.89648968139999996
H -0.853666200499999972 -3.30204298399999985 1.3824850085
H -1.87141438790000003 -3.94482844460000015 0.0820230561000000052
H -2.49855041939999989 -3.85611115699999996 1.73969429639999995
H -1.7356219195 -1.4464187718999999 0.00523667490000000006
H -2.3600442682999998 -1.35891260100000011 1.65372066429999998
H -4.48238938180000002 -2.47040066580000017 0.909108254399999982
H -3.85850688639999984 -2.5570868525999999 -0.739364907000000016
H -3.69140407260000014 -0.0560428623999999972 -0.807120374699999976
H -4.31633195090000044 0.0299375924000000009 0.841144371599999996
H -6.43744913190000023 -1.08277208610000009 0.0953875034000000038
H -5.81266415209999998 -1.16925587199999992 -1.55289787580000005
H -6.30702380630000015 1.41508701029999995 0.0192689340999999993
H -7.3220533654000004 0.770738457600000038 -1.28243609780000001
H -5.67811416009999981 1.32838804740000005 -1.63805600620000003
H -1.36830443139999991 2.56643496590000009 0.23468876629999999
C -1.08417869450000004 3.51273941730000017 0.704326211000000035
H -1.89805446759999996 4.22437915630000038 0.531930879399999945
H -0.997073134600000022 3.3524884211999999 1.7835208761000001
C 0.213536868099999999 4.05525207160000001 0.125745748699999993
C 1.43497731719999999 3.1900505466000002 0.443490964499999973
H 0.109229450399999997 4.16810646770000037 -0.959647730799999987
H 0.384318080000000006 5.05894812599999977 0.533178544800000043
C 1.3694050175000001 1.79484061379999993 -0.181635150500000009
C 2.66510952960000003 1.01743443010000001 0.0593651872000000025
C 2.58561532190000021 -0.373968905799999973 -0.545556061900000056
Br 4.25225603089999993 -1.32772817780000008 -0.226129330999999989
H 1.5499852836000001 3.10245295570000001 1.53080070289999992
H 2.32755744709999979 3.7091946898999999 0.0726970663000000017
H 1.19017394040000002 1.88247285450000001 -1.26002912620000007
H 0.53020604360000001 1.23286044030000008 0.243770591600000003
H 2.85606312840000021 0.947274436499999983 1.13761806129999998
H 3.5090435512 1.56770042150000011 -0.375525327299999989
H 2.44651226819999978 -0.342169899599999994 -1.62962127490000008
H 1.79099890509999993 -0.972924801799999961 -0.0921699651000000009
SCF: -3042.30276804969981
---------------------------------------------------
C -1.8772900414 -3.34460473439999983 0.997470812099999993
C -2.39673004670000012 -1.94167886420000002 0.726000100699999984
C -3.82658112699999986 -1.96961538900000011 0.186339783300000006
C -4.34725544700000022 -0.557225639600000044 -0.0847559120000000027
C -5.77685235630000005 -0.58647684769999997 -0.625115165500000014
C -6.29882018220000006 0.815418164100000009 -0.89648968139999996
H -0.853666200499999972 -3.30204298399999985 1.3824850085
H -1.87141438790000003 -3.94482844460000015 0.0820230561000000052
H -2.49855041939999989 -3.85611115699999996 1.73969429639999995
H -1.7356219195 -1.4464187718999999 0.00523667490000000006
H -2.3600442682999998 -1.35891260100000011 1.65372066429999998
H -4.48238938180000002 -2.47040066580000017 0.909108254399999982
H -3.85850688639999984 -2.5570868525999999 -0.739364907000000016
H -3.69140407260000014 -0.0560428623999999972 -0.807120374699999976
H -4.31633195090000044 0.0299375924000000009 0.841144371599999996
H -6.43744913190000023 -1.08277208610000009 0.0953875034000000038
H -5.81266415209999998 -1.16925587199999992 -1.55289787580000005
H -6.30702380630000015 1.41508701029999995 0.0192689340999999993
H -7.3220533654000004 0.770738457600000038 -1.28243609780000001
H -5.67811416009999981 1.32838804740000005 -1.63805600620000003
H -1.36830443139999991 2.56643496590000009 0.23468876629999999
C -1.08417869450000004 3.51273941730000017 0.704326211000000035
H -1.89805446759999996 4.22437915630000038 0.531930879399999945
H -0.997073134600000022 3.3524884211999999 1.7835208761000001
C 0.213536868099999999 4.05525207160000001 0.125745748699999993
C 1.43497731719999999 3.1900505466000002 0.443490964499999973
H 0.109229450399999997 4.16810646770000037 -0.959647730799999987
H 0.384318080000000006 5.05894812599999977 0.533178544800000043
C 1.3694050175000001 1.79484061379999993 -0.181635150500000009
C 2.66510952960000003 1.01743443010000001 0.0593651872000000025
C 2.58561532190000021 -0.373968905799999973 -0.545556061900000056
Br 4.25225603089999993 -1.32772817780000008 -0.226129330999999989
H 1.5499852836000001 3.10245295570000001 1.53080070289999992
H 2.32755744709999979 3.7091946898999999 0.0726970663000000017
H 1.19017394040000002 1.88247285450000001 -1.26002912620000007
H 0.53020604360000001 1.23286044030000008 0.243770591600000003
H 2.85606312840000021 0.947274436499999983 1.13761806129999998
H 3.5090435512 1.56770042150000011 -0.375525327299999989
H 2.44651226819999978 -0.342169899599999994 -1.62962127490000008
H 1.79099890509999993 -0.972924801799999961 -0.0921699651000000009
SCF: -3042.30591370679986
---------------------------------------------------
C -1.8772900414 -3.34460473439999983 0.997470812099999993
C -2.39673004670000012 -1.94167886420000002 0.726000100699999984
C -3.82658112699999986 -1.96961538900000011 0.186339783300000006
C -4.34725544700000022 -0.557225639600000044 -0.0847559120000000027
C -5.77685235630000005 -0.58647684769999997 -0.625115165500000014
C -6.29882018220000006 0.815418164100000009 -0.89648968139999996
H -0.853666200499999972 -3.30204298399999985 1.3824850085
H -1.87141438790000003 -3.94482844460000015 0.0820230561000000052
H -2.49855041939999989 -3.85611115699999996 1.73969429639999995
H -1.7356219195 -1.4464187718999999 0.00523667490000000006
H -2.3600442682999998 -1.35891260100000011 1.65372066429999998
H -4.48238938180000002 -2.47040066580000017 0.909108254399999982
H -3.85850688639999984 -2.5570868525999999 -0.739364907000000016
H -3.69140407260000014 -0.0560428623999999972 -0.807120374699999976
H -4.31633195090000044 0.0299375924000000009 0.841144371599999996
H -6.43744913190000023 -1.08277208610000009 0.0953875034000000038
H -5.81266415209999998 -1.16925587199999992 -1.55289787580000005
H -6.30702380630000015 1.41508701029999995 0.0192689340999999993
H -7.3220533654000004 0.770738457600000038 -1.28243609780000001
H -5.67811416009999981 1.32838804740000005 -1.63805600620000003
H -1.36830443139999991 2.56643496590000009 0.23468876629999999
C -1.08417869450000004 3.51273941730000017 0.704326211000000035
H -1.89805446759999996 4.22437915630000038 0.531930879399999945
H -0.997073134600000022 3.3524884211999999 1.7835208761000001
C 0.213536868099999999 4.05525207160000001 0.125745748699999993
C 1.43497731719999999 3.1900505466000002 0.443490964499999973
H 0.109229450399999997 4.16810646770000037 -0.959647730799999987
H 0.384318080000000006 5.05894812599999977 0.533178544800000043
C 1.3694050175000001 1.79484061379999993 -0.181635150500000009
C 2.66510952960000003 1.01743443010000001 0.0593651872000000025
C 2.58561532190000021 -0.373968905799999973 -0.545556061900000056
Br 4.25225603089999993 -1.32772817780000008 -0.226129330999999989
H 1.5499852836000001 3.10245295570000001 1.53080070289999992
H 2.32755744709999979 3.7091946898999999 0.0726970663000000017
H 1.19017394040000002 1.88247285450000001 -1.26002912620000007
H 0.53020604360000001 1.23286044030000008 0.243770591600000003
H 2.85606312840000021 0.947274436499999983 1.13761806129999998
H 3.5090435512 1.56770042150000011 -0.375525327299999989
H 2.44651226819999978 -0.342169899599999994 -1.62962127490000008
H 1.79099890509999993 -0.972924801799999961 -0.0921699651000000009
SCF: -3042.30622505959991
---------------------------------------------------
C -1.8772900414 -3.34460473439999983 0.997470812099999993
C -2.39673004670000012 -1.94167886420000002 0.726000100699999984
C -3.82658112699999986 -1.96961538900000011 0.186339783300000006
C -4.34725544700000022 -0.557225639600000044 -0.0847559120000000027
C -5.77685235630000005 -0.58647684769999997 -0.625115165500000014
C -6.29882018220000006 0.815418164100000009 -0.89648968139999996
H -0.853666200499999972 -3.30204298399999985 1.3824850085
H -1.87141438790000003 -3.94482844460000015 0.0820230561000000052
H -2.49855041939999989 -3.85611115699999996 1.73969429639999995
H -1.7356219195 -1.4464187718999999 0.00523667490000000006
H -2.3600442682999998 -1.35891260100000011 1.65372066429999998
H -4.48238938180000002 -2.47040066580000017 0.909108254399999982
H -3.85850688639999984 -2.5570868525999999 -0.739364907000000016
H -3.69140407260000014 -0.0560428623999999972 -0.807120374699999976
H -4.31633195090000044 0.0299375924000000009 0.841144371599999996
H -6.43744913190000023 -1.08277208610000009 0.0953875034000000038
H -5.81266415209999998 -1.16925587199999992 -1.55289787580000005
H -6.30702380630000015 1.41508701029999995 0.0192689340999999993
H -7.3220533654000004 0.770738457600000038 -1.28243609780000001
H -5.67811416009999981 1.32838804740000005 -1.63805600620000003
H -1.36830443139999991 2.56643496590000009 0.23468876629999999
C -1.08417869450000004 3.51273941730000017 0.704326211000000035
H -1.89805446759999996 4.22437915630000038 0.531930879399999945
H -0.997073134600000022 3.3524884211999999 1.7835208761000001
C 0.213536868099999999 4.05525207160000001 0.125745748699999993
C 1.43497731719999999 3.1900505466000002 0.443490964499999973
H 0.109229450399999997 4.16810646770000037 -0.959647730799999987
H 0.384318080000000006 5.05894812599999977 0.533178544800000043
C 1.3694050175000001 1.79484061379999993 -0.181635150500000009
C 2.66510952960000003 1.01743443010000001 0.0593651872000000025
C 2.58561532190000021 -0.373968905799999973 -0.545556061900000056
Br 4.25225603089999993 -1.32772817780000008 -0.226129330999999989
H 1.5499852836000001 3.10245295570000001 1.53080070289999992
H 2.32755744709999979 3.7091946898999999 0.0726970663000000017
H 1.19017394040000002 1.88247285450000001 -1.26002912620000007
H 0.53020604360000001 1.23286044030000008 0.243770591600000003
H 2.85606312840000021 0.947274436499999983 1.13761806129999998
H 3.5090435512 1.56770042150000011 -0.375525327299999989
H 2.44651226819999978 -0.342169899599999994 -1.62962127490000008
H 1.79099890509999993 -0.972924801799999961 -0.0921699651000000009
SCF: -3042.30623652319991
---------------------------------------------------
C -1.8772900414 -3.34460473439999983 0.997470812099999993
C -2.39673004670000012 -1.94167886420000002 0.726000100699999984
C -3.82658112699999986 -1.96961538900000011 0.186339783300000006
C -4.34725544700000022 -0.557225639600000044 -0.0847559120000000027
C -5.77685235630000005 -0.58647684769999997 -0.625115165500000014
C -6.29882018220000006 0.815418164100000009 -0.89648968139999996
H -0.853666200499999972 -3.30204298399999985 1.3824850085
H -1.87141438790000003 -3.94482844460000015 0.0820230561000000052
H -2.49855041939999989 -3.85611115699999996 1.73969429639999995
H -1.7356219195 -1.4464187718999999 0.00523667490000000006
H -2.3600442682999998 -1.35891260100000011 1.65372066429999998
H -4.48238938180000002 -2.47040066580000017 0.909108254399999982
H -3.85850688639999984 -2.5570868525999999 -0.739364907000000016
H -3.69140407260000014 -0.0560428623999999972 -0.807120374699999976
H -4.31633195090000044 0.0299375924000000009 0.841144371599999996
H -6.43744913190000023 -1.08277208610000009 0.0953875034000000038
H -5.81266415209999998 -1.16925587199999992 -1.55289787580000005
H -6.30702380630000015 1.41508701029999995 0.0192689340999999993
H -7.3220533654000004 0.770738457600000038 -1.28243609780000001
H -5.67811416009999981 1.32838804740000005 -1.63805600620000003
H -1.36830443139999991 2.56643496590000009 0.23468876629999999
C -1.08417869450000004 3.51273941730000017 0.704326211000000035
H -1.89805446759999996 4.22437915630000038 0.531930879399999945
H -0.997073134600000022 3.3524884211999999 1.7835208761000001
C 0.213536868099999999 4.05525207160000001 0.125745748699999993
C 1.43497731719999999 3.1900505466000002 0.443490964499999973
H 0.109229450399999997 4.16810646770000037 -0.959647730799999987
H 0.384318080000000006 5.05894812599999977 0.533178544800000043
C 1.3694050175000001 1.79484061379999993 -0.181635150500000009
C 2.66510952960000003 1.01743443010000001 0.0593651872000000025
C 2.58561532190000021 -0.373968905799999973 -0.545556061900000056
Br 4.25225603089999993 -1.32772817780000008 -0.226129330999999989
H 1.5499852836000001 3.10245295570000001 1.53080070289999992
H 2.32755744709999979 3.7091946898999999 0.0726970663000000017
H 1.19017394040000002 1.88247285450000001 -1.26002912620000007
H 0.53020604360000001 1.23286044030000008 0.243770591600000003
H 2.85606312840000021 0.947274436499999983 1.13761806129999998
H 3.5090435512 1.56770042150000011 -0.375525327299999989
H 2.44651226819999978 -0.342169899599999994 -1.62962127490000008
H 1.79099890509999993 -0.972924801799999961 -0.0921699651000000009
SCF: -3042.30624291310005
---------------------------------------------------
C -1.8772900414 -3.34460473439999983 0.997470812099999993
C -2.39673004670000012 -1.94167886420000002 0.726000100699999984
C -3.82658112699999986 -1.96961538900000011 0.186339783300000006
C -4.34725544700000022 -0.557225639600000044 -0.0847559120000000027
C -5.77685235630000005 -0.58647684769999997 -0.625115165500000014
C -6.29882018220000006 0.815418164100000009 -0.89648968139999996
H -0.853666200499999972 -3.30204298399999985 1.3824850085
H -1.87141438790000003 -3.94482844460000015 0.0820230561000000052
H -2.49855041939999989 -3.85611115699999996 1.73969429639999995
H -1.7356219195 -1.4464187718999999 0.00523667490000000006
H -2.3600442682999998 -1.35891260100000011 1.65372066429999998
H -4.48238938180000002 -2.47040066580000017 0.909108254399999982
H -3.85850688639999984 -2.5570868525999999 -0.739364907000000016
H -3.69140407260000014 -0.0560428623999999972 -0.807120374699999976
H -4.31633195090000044 0.0299375924000000009 0.841144371599999996
H -6.43744913190000023 -1.08277208610000009 0.0953875034000000038
H -5.81266415209999998 -1.16925587199999992 -1.55289787580000005
H -6.30702380630000015 1.41508701029999995 0.0192689340999999993
H -7.3220533654000004 0.770738457600000038 -1.28243609780000001
H -5.67811416009999981 1.32838804740000005 -1.63805600620000003
H -1.36830443139999991 2.56643496590000009 0.23468876629999999
C -1.08417869450000004 3.51273941730000017 0.704326211000000035
H -1.89805446759999996 4.22437915630000038 0.531930879399999945
H -0.997073134600000022 3.3524884211999999 1.7835208761000001
C 0.213536868099999999 4.05525207160000001 0.125745748699999993
C 1.43497731719999999 3.1900505466000002 0.443490964499999973
H 0.109229450399999997 4.16810646770000037 -0.959647730799999987
H 0.384318080000000006 5.05894812599999977 0.533178544800000043
C 1.3694050175000001 1.79484061379999993 -0.181635150500000009
C 2.66510952960000003 1.01743443010000001 0.0593651872000000025
C 2.58561532190000021 -0.373968905799999973 -0.545556061900000056
Br 4.25225603089999993 -1.32772817780000008 -0.226129330999999989
H 1.5499852836000001 3.10245295570000001 1.53080070289999992
H 2.32755744709999979 3.7091946898999999 0.0726970663000000017
H 1.19017394040000002 1.88247285450000001 -1.26002912620000007
H 0.53020604360000001 1.23286044030000008 0.243770591600000003
H 2.85606312840000021 0.947274436499999983 1.13761806129999998
H 3.5090435512 1.56770042150000011 -0.375525327299999989
H 2.44651226819999978 -0.342169899599999994 -1.62962127490000008
H 1.79099890509999993 -0.972924801799999961 -0.0921699651000000009
SCF: -3042.30624983469988
---------------------------------------------------
C -1.8772900414 -3.34460473439999983 0.997470812099999993
C -2.39673004670000012 -1.94167886420000002 0.726000100699999984
C -3.82658112699999986 -1.96961538900000011 0.186339783300000006
C -4.34725544700000022 -0.557225639600000044 -0.0847559120000000027
C -5.77685235630000005 -0.58647684769999997 -0.625115165500000014
C -6.29882018220000006 0.815418164100000009 -0.89648968139999996
H -0.853666200499999972 -3.30204298399999985 1.3824850085
H -1.87141438790000003 -3.94482844460000015 0.0820230561000000052
H -2.49855041939999989 -3.85611115699999996 1.73969429639999995
H -1.7356219195 -1.4464187718999999 0.00523667490000000006
H -2.3600442682999998 -1.35891260100000011 1.65372066429999998
H -4.48238938180000002 -2.47040066580000017 0.909108254399999982
H -3.85850688639999984 -2.5570868525999999 -0.739364907000000016
H -3.69140407260000014 -0.0560428623999999972 -0.807120374699999976
H -4.31633195090000044 0.0299375924000000009 0.841144371599999996
H -6.43744913190000023 -1.08277208610000009 0.0953875034000000038
H -5.81266415209999998 -1.16925587199999992 -1.55289787580000005
H -6.30702380630000015 1.41508701029999995 0.0192689340999999993
H -7.3220533654000004 0.770738457600000038 -1.28243609780000001
H -5.67811416009999981 1.32838804740000005 -1.63805600620000003
H -1.36830443139999991 2.56643496590000009 0.23468876629999999
C -1.08417869450000004 3.51273941730000017 0.704326211000000035
H -1.89805446759999996 4.22437915630000038 0.531930879399999945
H -0.997073134600000022 3.3524884211999999 1.7835208761000001
C 0.213536868099999999 4.05525207160000001 0.125745748699999993
C 1.43497731719999999 3.1900505466000002 0.443490964499999973
H 0.109229450399999997 4.16810646770000037 -0.959647730799999987
H 0.384318080000000006 5.05894812599999977 0.533178544800000043
C 1.3694050175000001 1.79484061379999993 -0.181635150500000009
C 2.66510952960000003 1.01743443010000001 0.0593651872000000025
C 2.58561532190000021 -0.373968905799999973 -0.545556061900000056
Br 4.25225603089999993 -1.32772817780000008 -0.226129330999999989
H 1.5499852836000001 3.10245295570000001 1.53080070289999992
H 2.32755744709999979 3.7091946898999999 0.0726970663000000017
H 1.19017394040000002 1.88247285450000001 -1.26002912620000007
H 0.53020604360000001 1.23286044030000008 0.243770591600000003
H 2.85606312840000021 0.947274436499999983 1.13761806129999998
H 3.5090435512 1.56770042150000011 -0.375525327299999989
H 2.44651226819999978 -0.342169899599999994 -1.62962127490000008
H 1.79099890509999993 -0.972924801799999961 -0.0921699651000000009
SCF: -3042.30625252329992
---------------------------------------------------
C -1.8772900414 -3.34460473439999983 0.997470812099999993
C -2.39673004670000012 -1.94167886420000002 0.726000100699999984
C -3.82658112699999986 -1.96961538900000011 0.186339783300000006
C -4.34725544700000022 -0.557225639600000044 -0.0847559120000000027
C -5.77685235630000005 -0.58647684769999997 -0.625115165500000014
C -6.29882018220000006 0.815418164100000009 -0.89648968139999996
H -0.853666200499999972 -3.30204298399999985 1.3824850085
H -1.87141438790000003 -3.94482844460000015 0.0820230561000000052
H -2.49855041939999989 -3.85611115699999996 1.73969429639999995
H -1.7356219195 -1.4464187718999999 0.00523667490000000006
H -2.3600442682999998 -1.35891260100000011 1.65372066429999998
H -4.48238938180000002 -2.47040066580000017 0.909108254399999982
H -3.85850688639999984 -2.5570868525999999 -0.739364907000000016
H -3.69140407260000014 -0.0560428623999999972 -0.807120374699999976
H -4.31633195090000044 0.0299375924000000009 0.841144371599999996
H -6.43744913190000023 -1.08277208610000009 0.0953875034000000038
H -5.81266415209999998 -1.16925587199999992 -1.55289787580000005
H -6.30702380630000015 1.41508701029999995 0.0192689340999999993
H -7.3220533654000004 0.770738457600000038 -1.28243609780000001
H -5.67811416009999981 1.32838804740000005 -1.63805600620000003
H -1.36830443139999991 2.56643496590000009 0.23468876629999999
C -1.08417869450000004 3.51273941730000017 0.704326211000000035
H -1.89805446759999996 4.22437915630000038 0.531930879399999945
H -0.997073134600000022 3.3524884211999999 1.7835208761000001
C 0.213536868099999999 4.05525207160000001 0.125745748699999993
C 1.43497731719999999 3.1900505466000002 0.443490964499999973
H 0.109229450399999997 4.16810646770000037 -0.959647730799999987
H 0.384318080000000006 5.05894812599999977 0.533178544800000043
C 1.3694050175000001 1.79484061379999993 -0.181635150500000009
C 2.66510952960000003 1.01743443010000001 0.0593651872000000025
C 2.58561532190000021 -0.373968905799999973 -0.545556061900000056
Br 4.25225603089999993 -1.32772817780000008 -0.226129330999999989
H 1.5499852836000001 3.10245295570000001 1.53080070289999992
H 2.32755744709999979 3.7091946898999999 0.0726970663000000017
H 1.19017394040000002 1.88247285450000001 -1.26002912620000007
H 0.53020604360000001 1.23286044030000008 0.243770591600000003
H 2.85606312840000021 0.947274436499999983 1.13761806129999998
H 3.5090435512 1.56770042150000011 -0.375525327299999989
H 2.44651226819999978 -0.342169899599999994 -1.62962127490000008
H 1.79099890509999993 -0.972924801799999961 -0.0921699651000000009
SCF: -3042.30625405930004
---------------------------------------------------
C -1.8772900414 -3.34460473439999983 0.997470812099999993
C -2.39673004670000012 -1.94167886420000002 0.726000100699999984
C -3.82658112699999986 -1.96961538900000011 0.186339783300000006
C -4.34725544700000022 -0.557225639600000044 -0.0847559120000000027
C -5.77685235630000005 -0.58647684769999997 -0.625115165500000014
C -6.29882018220000006 0.815418164100000009 -0.89648968139999996
H -0.853666200499999972 -3.30204298399999985 1.3824850085
H -1.87141438790000003 -3.94482844460000015 0.0820230561000000052
H -2.49855041939999989 -3.85611115699999996 1.73969429639999995
H -1.7356219195 -1.4464187718999999 0.00523667490000000006
H -2.3600442682999998 -1.35891260100000011 1.65372066429999998
H -4.48238938180000002 -2.47040066580000017 0.909108254399999982
H -3.85850688639999984 -2.5570868525999999 -0.739364907000000016
H -3.69140407260000014 -0.0560428623999999972 -0.807120374699999976
H -4.31633195090000044 0.0299375924000000009 0.841144371599999996
H -6.43744913190000023 -1.08277208610000009 0.0953875034000000038
H -5.81266415209999998 -1.16925587199999992 -1.55289787580000005
H -6.30702380630000015 1.41508701029999995 0.0192689340999999993
H -7.3220533654000004 0.770738457600000038 -1.28243609780000001
H -5.67811416009999981 1.32838804740000005 -1.63805600620000003
H -1.36830443139999991 2.56643496590000009 0.23468876629999999
C -1.08417869450000004 3.51273941730000017 0.704326211000000035
H -1.89805446759999996 4.22437915630000038 0.531930879399999945
H -0.997073134600000022 3.3524884211999999 1.7835208761000001
C 0.213536868099999999 4.05525207160000001 0.125745748699999993
C 1.43497731719999999 3.1900505466000002 0.443490964499999973
H 0.109229450399999997 4.16810646770000037 -0.959647730799999987
H 0.384318080000000006 5.05894812599999977 0.533178544800000043
C 1.3694050175000001 1.79484061379999993 -0.181635150500000009
C 2.66510952960000003 1.01743443010000001 0.0593651872000000025
C 2.58561532190000021 -0.373968905799999973 -0.545556061900000056
Br 4.25225603089999993 -1.32772817780000008 -0.226129330999999989
H 1.5499852836000001 3.10245295570000001 1.53080070289999992
H 2.32755744709999979 3.7091946898999999 0.0726970663000000017
H 1.19017394040000002 1.88247285450000001 -1.26002912620000007
H 0.53020604360000001 1.23286044030000008 0.243770591600000003
H 2.85606312840000021 0.947274436499999983 1.13761806129999998
H 3.5090435512 1.56770042150000011 -0.375525327299999989
H 2.44651226819999978 -0.342169899599999994 -1.62962127490000008
H 1.79099890509999993 -0.972924801799999961 -0.0921699651000000009
SCF: -3042.30625491889987
---------------------------------------------------
C -1.8772900414 -3.34460473439999983 0.997470812099999993
C -2.39673004670000012 -1.94167886420000002 0.726000100699999984
C -3.82658112699999986 -1.96961538900000011 0.186339783300000006
C -4.34725544700000022 -0.557225639600000044 -0.0847559120000000027
C -5.77685235630000005 -0.58647684769999997 -0.625115165500000014
C -6.29882018220000006 0.815418164100000009 -0.89648968139999996
H -0.853666200499999972 -3.30204298399999985 1.3824850085
H -1.87141438790000003 -3.94482844460000015 0.0820230561000000052
H -2.49855041939999989 -3.85611115699999996 1.73969429639999995
H -1.7356219195 -1.4464187718999999 0.00523667490000000006
H -2.3600442682999998 -1.35891260100000011 1.65372066429999998
H -4.48238938180000002 -2.47040066580000017 0.909108254399999982
H -3.85850688639999984 -2.5570868525999999 -0.739364907000000016
H -3.69140407260000014 -0.0560428623999999972 -0.807120374699999976
H -4.31633195090000044 0.0299375924000000009 0.841144371599999996
H -6.43744913190000023 -1.08277208610000009 0.0953875034000000038
H -5.81266415209999998 -1.16925587199999992 -1.55289787580000005
H -6.30702380630000015 1.41508701029999995 0.0192689340999999993
H -7.3220533654000004 0.770738457600000038 -1.28243609780000001
H -5.67811416009999981 1.32838804740000005 -1.63805600620000003
H -1.36830443139999991 2.56643496590000009 0.23468876629999999
C -1.08417869450000004 3.51273941730000017 0.704326211000000035
H -1.89805446759999996 4.22437915630000038 0.531930879399999945
H -0.997073134600000022 3.3524884211999999 1.7835208761000001
C 0.213536868099999999 4.05525207160000001 0.125745748699999993
C 1.43497731719999999 3.1900505466000002 0.443490964499999973
H 0.109229450399999997 4.16810646770000037 -0.959647730799999987
H 0.384318080000000006 5.05894812599999977 0.533178544800000043
C 1.3694050175000001 1.79484061379999993 -0.181635150500000009
C 2.66510952960000003 1.01743443010000001 0.0593651872000000025
C 2.58561532190000021 -0.373968905799999973 -0.545556061900000056
Br 4.25225603089999993 -1.32772817780000008 -0.226129330999999989
H 1.5499852836000001 3.10245295570000001 1.53080070289999992
H 2.32755744709999979 3.7091946898999999 0.0726970663000000017
H 1.19017394040000002 1.88247285450000001 -1.26002912620000007
H 0.53020604360000001 1.23286044030000008 0.243770591600000003
H 2.85606312840000021 0.947274436499999983 1.13761806129999998
H 3.5090435512 1.56770042150000011 -0.375525327299999989
H 2.44651226819999978 -0.342169899599999994 -1.62962127490000008
H 1.79099890509999993 -0.972924801799999961 -0.0921699651000000009
SCF: -3042.30625492440004
---------------------------------------------------
C 0 4.11359999999999988e-06 3.22920471810000009
C -0 -4.28566999999999991e-05 1.93104045330000007
C 0 0.000108685999999999996 0.639221119699999951
C -0 -0.000108685999999999996 -0.639221119699999951
C 0 4.28566999999999991e-05 -1.93104045330000007
C -0 -4.11359999999999988e-06 -3.22920471810000009
SCF: -227.59874049070001
---------------------------------------------------
