H 4.7021589417999996 -1.6558741992999999 -1.38214085139999998
C 4.16374833660000032 -0.930602816099999952 -0.777567958500000045
C 4.86708065769999987 -0.00558839830000000017 -0.00606311999999999997
H 5.95419013740000036 -0.0101692637999999998 -0.00945571090000000072
C 4.17608785609999966 0.925239356700000015 0.769807213799999945
H 4.72454423000000023 1.64584296259999996 1.37095643569999992
C 2.77976312050000018 0.931450048500000016 0.775058500300000008
H 2.24931526939999982 1.65947881930000007 1.38360142199999991
H 2.22720198330000008 -1.6488276423999999 -1.37882045129999997
C 2.76758720290000015 -0.925106054400000044 -0.773839641599999961
C -0.78225633750000001 0.0063567023000000002 0.00607326030000000013
C -1.47620996929999992 -1.18337791390000002 0.230386711500000008
C -2.86832142190000017 -1.1753556637 0.2229723713
C -3.57977878609999989 -0.00495508460000000043 -0.00234798670000000006
C -2.8762496917 1.17128144509999998 -0.222883332500000003
C -1.48409223430000003 1.1906306016999999 -0.221759126000000001
F -3.54885696289999997 2.30872633380000014 -0.441449606200000011
F -3.53291179949999989 -2.31849185299999982 0.436438523999999994
H -0.950086991199999953 -2.11611750229999984 0.410586529799999989
H -4.66313936259999995 -0.00945193910000000082 -0.0063012462
H -0.964472309599999966 2.12741536789999985 -0.399784810099999999
C 2.07563340640000016 0.00600317039999999965 0.00283283890000000016
C 0.646375687799999987 0.00995678480000000005 0.00674000619999999984
SCF: -699.577454573200043
---------------------------------------------------
